2025-07-09 14:03:59,030 [WARNING] Останавливаем консьюмеры...
2025-07-09 14:03:58,976 [WARNING] Останавливаем консьюмеры...
2025-07-09 14:03:59,031 [WARNING] Останавливаем консьюмеры...
2025-07-09 14:03:59,031 [WARNING] Останавливаем консьюмеры...
2025-07-09 14:03:59,039 [WARNING] Останавливаем консьюмеры...
2025-07-09 17:16:24,115 [ERROR] Ошибка обработки: 1 validation error for EventCreate
  Invalid JSON: key must be a string at line 1 column 2 [type=json_invalid, input_value='{not-a-json', input_type=str]
    For further information visit https://errors.pydantic.dev/2.11/v/json_invalid
2025-07-09 17:16:52,840 [ERROR] Ошибка обработки: 1 validation error for EventCreate
  Invalid JSON: key must be a string at line 1 column 2 [type=json_invalid, input_value='{not-a-json', input_type=str]
    For further information visit https://errors.pydantic.dev/2.11/v/json_invalid
2025-07-09 17:19:39,605 [ERROR] Ошибка обработки: 1 validation error for EventCreate
  Invalid JSON: key must be a string at line 1 column 2 [type=json_invalid, input_value='{not-a-json', input_type=str]
    For further information visit https://errors.pydantic.dev/2.11/v/json_invalid
2025-07-09 14:28:33,003 [WARNING] Получен сигнал остановки, завершаем работу...
2025-07-09 14:28:33,007 [WARNING] Останавливаем консьюмеры...
2025-07-09 14:28:33,014 [WARNING] Останавливаем консьюмеры...
2025-07-09 14:28:33,015 [WARNING] Получен сигнал остановки, завершаем работу...
2025-07-09 14:28:33,008 [WARNING] Получен сигнал остановки, завершаем работу...
2025-07-09 14:28:33,017 [WARNING] Получен сигнал остановки, завершаем работу...
2025-07-09 14:28:33,018 [WARNING] Останавливаем консьюмеры...
2025-07-09 14:28:33,020 [WARNING] Останавливаем консьюмеры...
2025-07-09 14:28:33,022 [WARNING] Останавливаем консьюмеры...
2025-07-09 14:28:33,008 [WARNING] Получен сигнал остановки, завершаем работу...
2025-07-09 14:28:33,008 [WARNING] Получен сигнал остановки, завершаем работу...
2025-07-09 14:28:33,012 [WARNING] Получен сигнал остановки, завершаем работу...
2025-07-09 14:28:33,012 [WARNING] Получен сигнал остановки, завершаем работу...
2025-07-09 14:28:33,012 [WARNING] Получен сигнал остановки, завершаем работу...
2025-07-09 14:28:33,016 [WARNING] Получен сигнал остановки, завершаем работу...
2025-07-09 14:28:33,031 [WARNING] Останавливаем консьюмеры...
2025-07-09 14:28:33,020 [WARNING] Останавливаем консьюмеры...
2025-07-09 14:28:33,022 [WARNING] Останавливаем консьюмеры...
2025-07-09 14:28:33,025 [WARNING] Останавливаем консьюмеры...
2025-07-09 14:28:33,028 [WARNING] Останавливаем консьюмеры...
2025-07-09 14:28:33,030 [WARNING] Останавливаем консьюмеры...
2025-07-09 14:28:33,049 [WARNING] Останавливаем консьюмеры...
2025-07-09 14:28:33,031 [WARNING] Останавливаем консьюмеры...
2025-07-09 14:28:33,032 [WARNING] Останавливаем консьюмеры...
2025-07-09 14:28:33,036 [WARNING] Останавливаем консьюмеры...
2025-07-09 14:28:33,041 [WARNING] Останавливаем консьюмеры...
2025-07-09 14:28:33,045 [WARNING] Останавливаем консьюмеры...
2025-07-09 14:28:33,049 [WARNING] Останавливаем консьюмеры...
2025-07-09 14:28:33,055 [WARNING] Останавливаем консьюмеры...
2025-07-09 14:28:33,056 [WARNING] Останавливаем консьюмеры...
2025-07-10 12:41:56,934 [WARNING] Получен сигнал остановки, завершаем работу...
2025-07-10 12:41:56,936 [WARNING] Получен сигнал остановки, завершаем работу...
2025-07-10 12:41:56,936 [WARNING] Останавливаем консьюмеры...
2025-07-10 12:41:56,935 [WARNING] Получен сигнал остановки, завершаем работу...
2025-07-10 12:41:56,936 [WARNING] Останавливаем консьюмеры...
2025-07-10 12:41:56,937 [WARNING] Останавливаем консьюмеры...
2025-07-10 12:41:56,938 [WARNING] Останавливаем консьюмеры...
2025-07-10 12:41:56,936 [WARNING] Получен сигнал остановки, завершаем работу...
2025-07-10 12:41:56,936 [WARNING] Получен сигнал остановки, завершаем работу...
2025-07-10 12:41:56,937 [WARNING] Останавливаем консьюмеры...
2025-07-10 12:41:56,937 [WARNING] Получен сигнал остановки, завершаем работу...
2025-07-10 12:41:56,938 [WARNING] Получен сигнал остановки, завершаем работу...
2025-07-10 12:41:56,938 [WARNING] Останавливаем консьюмеры...
2025-07-10 12:41:56,938 [WARNING] Получен сигнал остановки, завершаем работу...
2025-07-10 12:41:56,938 [WARNING] Получен сигнал остановки, завершаем работу...
2025-07-10 12:41:56,942 [WARNING] Останавливаем консьюмеры...
2025-07-10 12:41:56,942 [WARNING] Останавливаем консьюмеры...
2025-07-10 12:41:56,942 [WARNING] Останавливаем консьюмеры...
2025-07-10 12:41:56,939 [WARNING] Останавливаем консьюмеры...
2025-07-10 12:41:56,937 [WARNING] Получен сигнал остановки, завершаем работу...
2025-07-10 12:41:56,939 [WARNING] Останавливаем консьюмеры...
2025-07-10 12:41:56,943 [WARNING] Останавливаем консьюмеры...
2025-07-10 12:41:56,944 [WARNING] Останавливаем консьюмеры...
2025-07-10 12:41:56,941 [WARNING] Останавливаем консьюмеры...
2025-07-10 12:41:56,943 [WARNING] Останавливаем консьюмеры...
2025-07-10 12:41:56,943 [WARNING] Останавливаем консьюмеры...
2025-07-10 12:41:56,943 [WARNING] Останавливаем консьюмеры...
2025-07-10 12:41:56,944 [WARNING] Останавливаем консьюмеры...
2025-07-10 12:41:56,945 [WARNING] Останавливаем консьюмеры...
2025-07-10 12:41:56,945 [WARNING] Останавливаем консьюмеры...
2025-07-10 13:02:55,573 [WARNING] Получен сигнал остановки, завершаем работу...
2025-07-10 13:02:55,575 [WARNING] Останавливаем консьюмеры...
2025-07-10 13:02:55,580 [WARNING] Останавливаем консьюмеры...
2025-07-10 13:02:55,583 [WARNING] Получен сигнал остановки, завершаем работу...
2025-07-10 13:02:55,581 [WARNING] Получен сигнал остановки, завершаем работу...
2025-07-10 13:02:55,582 [WARNING] Получен сигнал остановки, завершаем работу...
2025-07-10 13:02:55,586 [WARNING] Получен сигнал остановки, завершаем работу...
2025-07-10 13:02:55,587 [WARNING] Останавливаем консьюмеры...
2025-07-10 13:02:55,582 [WARNING] Получен сигнал остановки, завершаем работу...
2025-07-10 13:02:55,582 [WARNING] Получен сигнал остановки, завершаем работу...
2025-07-10 13:02:55,583 [WARNING] Получен сигнал остановки, завершаем работу...
2025-07-10 13:02:55,586 [WARNING] Останавливаем консьюмеры...
2025-07-10 13:02:55,586 [WARNING] Останавливаем консьюмеры...
2025-07-10 13:02:55,594 [WARNING] Останавливаем консьюмеры...
2025-07-10 13:02:55,588 [WARNING] Останавливаем консьюмеры...
2025-07-10 13:02:55,596 [WARNING] Получен сигнал остановки, завершаем работу...
2025-07-10 13:02:55,589 [WARNING] Останавливаем консьюмеры...
2025-07-10 13:02:55,589 [WARNING] Останавливаем консьюмеры...
2025-07-10 13:02:55,597 [WARNING] Останавливаем консьюмеры...
2025-07-10 13:02:55,586 [WARNING] Получен сигнал остановки, завершаем работу...
2025-07-10 13:02:55,593 [WARNING] Останавливаем консьюмеры...
2025-07-10 13:02:55,594 [WARNING] Останавливаем консьюмеры...
2025-07-10 13:02:55,595 [WARNING] Останавливаем консьюмеры...
2025-07-10 13:02:55,596 [WARNING] Останавливаем консьюмеры...
2025-07-10 13:02:55,596 [WARNING] Останавливаем консьюмеры...
2025-07-10 13:02:55,597 [WARNING] Останавливаем консьюмеры...
2025-07-10 13:02:55,601 [WARNING] Останавливаем консьюмеры...
2025-07-10 13:02:55,602 [WARNING] Останавливаем консьюмеры...
2025-07-10 13:02:55,606 [WARNING] Останавливаем консьюмеры...
2025-07-10 13:02:55,608 [WARNING] Останавливаем консьюмеры...
